iter,train_acc,test_acc,loss
0,0.16170,0.15860,2.00209
50,0.32226,0.32220,1.84217
100,0.36584,0.36090,1.80714
150,0.40390,0.40350,1.65450
200,0.37634,0.37250,1.74257
250,0.44486,0.43530,1.67051
300,0.46574,0.45640,1.43857
350,0.48162,0.47440,1.49004
400,0.50260,0.49680,1.22825
450,0.52050,0.52030,1.30217
500,0.51832,0.51010,1.40829
550,0.54322,0.53700,1.44144
600,0.54622,0.54330,1.31827
650,0.54038,0.53860,1.27780
700,0.56422,0.55340,1.49407
750,0.57508,0.56730,1.23977
800,0.57436,0.56480,1.18463
850,0.58814,0.58050,1.01942
900,0.59806,0.58700,1.18922
950,0.59618,0.58710,1.20339
1000,0.59750,0.59630,1.25293
1050,0.64460,0.63840,1.17501
1100,0.65344,0.64490,1.04265
1150,0.65910,0.65070,1.00179
1200,0.65760,0.65610,0.94003
1250,0.66584,0.65380,1.10348
1300,0.66620,0.66060,1.13788
1350,0.66918,0.66190,1.11994
1400,0.67162,0.66560,0.91609
1450,0.67554,0.66290,0.97547
1500,0.68078,0.66980,0.93257
1550,0.67982,0.67130,0.92632
1600,0.68180,0.66990,0.89279
1650,0.68164,0.67030,1.01437
1700,0.68844,0.67490,0.94468
1750,0.68636,0.67890,0.78958
1800,0.68744,0.67930,0.93158
1850,0.69150,0.68000,0.85549
1900,0.69084,0.68250,0.84151
1950,0.69612,0.68820,0.89555
2000,0.69042,0.68430,0.76909
2050,0.69632,0.68870,0.77817
2100,0.69764,0.68560,0.89603
2150,0.69640,0.68650,0.64513
2200,0.70136,0.68900,0.84410
2250,0.70286,0.69400,0.68786
2300,0.70054,0.68840,0.98032
2350,0.70196,0.68840,0.96335
2400,0.70440,0.69550,0.78184
2450,0.70794,0.69510,0.81917
2500,0.70424,0.69260,1.05761
2550,0.70782,0.69580,1.02465
2600,0.70994,0.70010,0.64423
2650,0.70982,0.69570,0.78270
2700,0.70934,0.69940,0.95341
2750,0.71520,0.70100,0.92581
2800,0.71384,0.70030,0.86621
2850,0.71304,0.70030,0.72416
2900,0.71310,0.69920,0.83685
2950,0.71600,0.70670,0.77140
3000,0.71552,0.70060,0.84507
3050,0.71814,0.70990,0.77408
3100,0.72144,0.70550,0.85559
3150,0.71838,0.70450,0.87811
3200,0.72436,0.71410,0.66805
3250,0.72264,0.70920,0.87155
3300,0.72204,0.71130,0.88727
3350,0.72522,0.71330,0.67141
3400,0.72460,0.71130,0.88624
3450,0.72630,0.71510,0.92636
3500,0.72696,0.71140,0.80541
3550,0.72712,0.71600,0.92791
3600,0.72936,0.71150,0.82195
3650,0.73242,0.71410,0.77451
3700,0.73286,0.72160,0.85033
3750,0.73446,0.72210,0.82767
3800,0.73518,0.71910,0.81879
3850,0.73380,0.71170,0.81980
3900,0.73672,0.72280,0.73637
3950,0.73192,0.71470,0.75107
4000,0.73578,0.72240,0.65678
4050,0.74106,0.72440,0.73126
4100,0.73874,0.72340,0.75474
4150,0.73808,0.71610,0.84297
4200,0.74400,0.72660,0.84462
4250,0.73632,0.71770,0.88500
4300,0.74346,0.72300,0.79134
4350,0.74478,0.72750,0.91195
4400,0.74628,0.73160,0.68185
4450,0.74246,0.72250,0.60036
4500,0.74694,0.73040,0.78287
4550,0.74512,0.72830,0.70099
4600,0.74606,0.73480,0.50261
4650,0.74916,0.73010,0.80836
4700,0.74762,0.73020,0.61863
4750,0.74424,0.72330,0.62611
4800,0.75044,0.73050,0.60766
4850,0.75044,0.73150,0.98769
4900,0.75266,0.72990,0.92286
4950,0.75278,0.73050,0.69700
5000,0.75134,0.72850,0.51974
5050,0.75558,0.73790,0.58334
5100,0.75984,0.73850,0.78299
5150,0.75988,0.73780,0.73705
5200,0.75964,0.74060,0.64440
5250,0.76094,0.74020,0.82822
5300,0.76182,0.73730,0.73870
5350,0.76178,0.74270,0.69842
5400,0.76340,0.74000,0.84558
5450,0.76176,0.73880,0.69650
5500,0.75874,0.74480,0.77523
5550,0.76322,0.74330,0.71888
5600,0.76134,0.74030,0.57763
5650,0.76204,0.74750,0.81826
5700,0.76336,0.74070,0.73138
5750,0.76374,0.74730,0.53693
5800,0.76302,0.73850,0.58876
5850,0.76534,0.74120,0.74352
5900,0.76238,0.74300,0.57483
5950,0.76400,0.74760,0.74741
6000,0.76478,0.74450,0.88629
6050,0.76404,0.74300,0.73758
6100,0.76540,0.74560,0.61720
6150,0.76688,0.74310,0.53094
6200,0.76550,0.74340,0.71852
6250,0.76176,0.74350,0.64866
6300,0.76306,0.74590,0.63097
6350,0.76650,0.73920,0.68941
6400,0.76646,0.74750,0.68151
6450,0.76520,0.73940,0.73447
6500,0.76636,0.74820,0.81194
6550,0.76520,0.74490,0.75346
6600,0.76532,0.74400,0.79334
6650,0.76632,0.74070,0.74455
6700,0.76446,0.74690,0.85548
6750,0.76458,0.74650,0.64861
6800,0.76620,0.74550,0.56016
6850,0.76548,0.74470,0.76459
6900,0.76756,0.74870,0.73220
6950,0.76770,0.74350,0.71682
7000,0.76592,0.74420,0.74834
7050,0.76630,0.74600,0.72980
7100,0.76828,0.74330,0.80599
7150,0.76814,0.74300,0.72867
7200,0.76618,0.74370,0.62099
7250,0.76770,0.74840,0.52374
7300,0.76544,0.74640,0.69074
7350,0.77062,0.74840,0.73077
7400,0.76726,0.74020,0.70488
7450,0.76786,0.74410,0.60772
7500,0.76988,0.74860,0.74251
7550,0.76716,0.74300,0.66369
7600,0.76820,0.74610,0.67016
7650,0.76894,0.74830,0.69421
7700,0.76894,0.74390,0.51191
7750,0.76974,0.75200,0.85641
7800,0.76886,0.74960,0.80234
7850,0.76926,0.74450,0.83645
7900,0.76864,0.74720,0.73842
7950,0.76888,0.74970,0.54784
8000,0.76886,0.74800,0.87406
8050,0.76628,0.74810,0.80030
8100,0.76900,0.74760,0.61491
8150,0.77056,0.74320,0.83339
8200,0.77120,0.74790,0.62605
8250,0.76992,0.75010,0.69980
8300,0.77188,0.74890,0.74250
8350,0.76980,0.74620,0.60425
8400,0.77180,0.75100,0.57290
8450,0.77174,0.74750,0.76051
8500,0.77134,0.74880,0.74778
8550,0.76828,0.75030,0.80045
8600,0.76966,0.75090,0.71308
8650,0.77242,0.74910,0.79896
8700,0.77232,0.75050,0.64236
8750,0.77018,0.74650,0.88232
8800,0.77144,0.74410,0.86197
8850,0.77150,0.75070,0.52453
8900,0.77246,0.74790,0.48837
8950,0.77092,0.74760,0.56847
9000,0.77166,0.75070,0.73423
9050,0.77104,0.74930,0.57928
9100,0.77128,0.74280,0.83081
9150,0.77008,0.74920,0.61348
9200,0.77120,0.74830,0.67259
9250,0.77230,0.75010,0.64232
9300,0.77142,0.74810,0.55565
9350,0.77070,0.74810,0.63610
9400,0.77400,0.75310,0.77227
9450,0.77108,0.74820,0.88341
9500,0.77274,0.74770,0.68573
9550,0.77162,0.74810,0.73879
9600,0.77302,0.74600,0.85824
9650,0.77350,0.74790,0.74553
9700,0.77242,0.74940,0.76367
9750,0.77134,0.74870,0.60178
9800,0.77258,0.74840,0.69185
9850,0.77404,0.74950,0.50311
9900,0.77470,0.75060,0.63349
9950,0.77392,0.75370,0.53737
